<?xml version="1.0" encoding="UTF-8"?>
<!-- Generated by org.testng.reporters.JUnitXMLReporter -->
<testsuite ignored="2" hostname="hp1" failures="0" tests="6" name="Free CRM Testcases Firefox" time="186.757" errors="0" timestamp="2022-12-20T14:21:48 IST">
  <testcase classname="com.crm.testcases.BaseTest" name="@BeforeClass setUp" time="58.571">
    <failure type="org.openqa.selenium.WebDriverException" message="Timed out waiting for driver server to start.
Build info: version: &amp;apos;3.141.59&amp;apos;, revision: &amp;apos;e82be7d358&amp;apos;, time: &amp;apos;2018-11-14T08:17:03&amp;apos;
System info: host: &amp;apos;HP1&amp;apos;, ip: &amp;apos;192.168.1.7&amp;apos;, os.name: &amp;apos;Windows 10&amp;apos;, os.arch: &amp;apos;amd64&amp;apos;, os.version: &amp;apos;10.0&amp;apos;, java.version: &amp;apos;17&amp;apos;
Driver info: driver.version: EdgeDriver">
      <![CDATA[org.openqa.selenium.WebDriverException: Timed out waiting for driver server to start.
Build info: version: '3.141.59', revision: 'e82be7d358', time: '2018-11-14T08:17:03'
System info: host: 'HP1', ip: '192.168.1.7', os.name: 'Windows 10', os.arch: 'amd64', os.version: '10.0', java.version: '17'
Driver info: driver.version: EdgeDriver
at org.openqa.selenium.remote.service.DriverService.waitUntilAvailable(DriverService.java:202)
at org.openqa.selenium.remote.service.DriverService.start(DriverService.java:188)
at org.openqa.selenium.remote.service.DriverCommandExecutor.execute(DriverCommandExecutor.java:79)
at org.openqa.selenium.remote.RemoteWebDriver.execute(RemoteWebDriver.java:552)
at org.openqa.selenium.remote.RemoteWebDriver.startSession(RemoteWebDriver.java:213)
at org.openqa.selenium.remote.RemoteWebDriver.<init>(RemoteWebDriver.java:131)
at org.openqa.selenium.edge.EdgeDriver.<init>(EdgeDriver.java:141)
at org.openqa.selenium.edge.EdgeDriver.<init>(EdgeDriver.java:130)
at com.crm.testcases.BaseTest.setUp(BaseTest.java:77)
at java.base/java.util.ArrayList.forEach(ArrayList.java:1511)
at java.base/java.util.concurrent.FutureTask.run(FutureTask.java:264)
at java.base/java.util.concurrent.ThreadPoolExecutor.runWorker(ThreadPoolExecutor.java:1136)
at java.base/java.util.concurrent.ThreadPoolExecutor$Worker.run(ThreadPoolExecutor.java:635)
at java.base/java.lang.Thread.run(Thread.java:833)
Caused by: org.openqa.selenium.net.UrlChecker$TimeoutException: Timed out waiting for [http://localhost:8798/status] to be available after 20001 ms
at org.openqa.selenium.net.UrlChecker.waitUntilAvailable(UrlChecker.java:100)
at org.openqa.selenium.remote.service.DriverService.waitUntilAvailable(DriverService.java:197)
... 29 more
Caused by: java.util.concurrent.TimeoutException
at java.base/java.util.concurrent.FutureTask.get(FutureTask.java:204)
at com.google.common.util.concurrent.SimpleTimeLimiter.callWithTimeout(SimpleTimeLimiter.java:156)
at org.openqa.selenium.net.UrlChecker.waitUntilAvailable(UrlChecker.java:75)
... 30 more
... Removed 16 stack frames]]>
    </failure>
  </testcase> <!-- @BeforeClass setUp -->
  <testcase classname="com.crm.testcases.BaseTest" name="@BeforeClass setUp" time="64.553">
    <failure type="org.openqa.selenium.WebDriverException" message="unknown error: DevToolsActivePort file doesn&amp;apos;t exist
Build info: version: &amp;apos;3.141.59&amp;apos;, revision: &amp;apos;e82be7d358&amp;apos;, time: &amp;apos;2018-11-14T08:17:03&amp;apos;
System info: host: &amp;apos;HP1&amp;apos;, ip: &amp;apos;192.168.1.7&amp;apos;, os.name: &amp;apos;Windows 10&amp;apos;, os.arch: &amp;apos;amd64&amp;apos;, os.version: &amp;apos;10.0&amp;apos;, java.version: &amp;apos;17&amp;apos;
Driver info: driver.version: EdgeDriver
remote stacktrace: Backtrace:
	Microsoft::Applications::Events::EventProperties::SetProperty [0x00007FF6D72491D2+14306]
	Microsoft::Applications::Events::EventProperty::EventProperty [0x00007FF6D71D0992+842866]
	(No symbol) [0x00007FF6D6E81D90]
	(No symbol) [0x00007FF6D6EB3295]
	(No symbol) [0x00007FF6D6EAE67B]
	(No symbol) [0x00007FF6D6EA9DCF]
	(No symbol) [0x00007FF6D6EEE027]
	(No symbol) [0x00007FF6D6EED3BA]
	(No symbol) [0x00007FF6D6EE5B03]
	(No symbol) [0x00007FF6D6EB73B8]
	(No symbol) [0x00007FF6D6EB638E]
	(No symbol) [0x00007FF6D6EB7AE4]
	Microsoft::Applications::Events::EventProperty::EventProperty [0x00007FF6D711FE18+119032]
	Microsoft::Applications::Events::EventProperty::EventProperty [0x00007FF6D710D4D6+42934]
	Microsoft::Applications::Events::EventProperty::EventProperty [0x00007FF6D71106EC+55756]
	(No symbol) [0x00007FF6D6F87923]
	Microsoft::Applications::Events::EventProperty::EventProperty [0x00007FF6D71D844A+874282]
	Microsoft::Applications::Events::EventProperty::EventProperty [0x00007FF6D71DD544+895012]
	Microsoft::Applications::Events::EventProperty::EventProperty [0x00007FF6D71DD69C+895356]
	Microsoft::Applications::Events::EventProperty::EventProperty [0x00007FF6D71E67BE+932510]
	BaseThreadInitThunk [0x00007FFBE7AD7C24+20]
	RtlUserThreadStart [0x00007FFBE91ED4D1+33]
">
      <![CDATA[org.openqa.selenium.WebDriverException: unknown error: DevToolsActivePort file doesn't exist
Build info: version: '3.141.59', revision: 'e82be7d358', time: '2018-11-14T08:17:03'
System info: host: 'HP1', ip: '192.168.1.7', os.name: 'Windows 10', os.arch: 'amd64', os.version: '10.0', java.version: '17'
Driver info: driver.version: EdgeDriver
remote stacktrace: Backtrace:
Microsoft::Applications::Events::EventProperties::SetProperty [0x00007FF6D72491D2+14306]
Microsoft::Applications::Events::EventProperty::EventProperty [0x00007FF6D71D0992+842866]
(No symbol) [0x00007FF6D6E81D90]
(No symbol) [0x00007FF6D6EB3295]
(No symbol) [0x00007FF6D6EAE67B]
(No symbol) [0x00007FF6D6EA9DCF]
(No symbol) [0x00007FF6D6EEE027]
(No symbol) [0x00007FF6D6EED3BA]
(No symbol) [0x00007FF6D6EE5B03]
(No symbol) [0x00007FF6D6EB73B8]
(No symbol) [0x00007FF6D6EB638E]
(No symbol) [0x00007FF6D6EB7AE4]
Microsoft::Applications::Events::EventProperty::EventProperty [0x00007FF6D711FE18+119032]
Microsoft::Applications::Events::EventProperty::EventProperty [0x00007FF6D710D4D6+42934]
Microsoft::Applications::Events::EventProperty::EventProperty [0x00007FF6D71106EC+55756]
(No symbol) [0x00007FF6D6F87923]
Microsoft::Applications::Events::EventProperty::EventProperty [0x00007FF6D71D844A+874282]
Microsoft::Applications::Events::EventProperty::EventProperty [0x00007FF6D71DD544+895012]
Microsoft::Applications::Events::EventProperty::EventProperty [0x00007FF6D71DD69C+895356]
Microsoft::Applications::Events::EventProperty::EventProperty [0x00007FF6D71E67BE+932510]
BaseThreadInitThunk [0x00007FFBE7AD7C24+20]
RtlUserThreadStart [0x00007FFBE91ED4D1+33]

at org.openqa.selenium.remote.W3CHandshakeResponse.lambda$errorHandler$0(W3CHandshakeResponse.java:62)
at org.openqa.selenium.remote.HandshakeResponse.lambda$getResponseFunction$0(HandshakeResponse.java:30)
at org.openqa.selenium.remote.ProtocolHandshake.lambda$createSession$0(ProtocolHandshake.java:126)
at java.base/java.util.stream.ReferencePipeline$3$1.accept(ReferencePipeline.java:197)
at java.base/java.util.Spliterators$ArraySpliterator.tryAdvance(Spliterators.java:1002)
at java.base/java.util.stream.ReferencePipeline.forEachWithCancel(ReferencePipeline.java:129)
at java.base/java.util.stream.AbstractPipeline.copyIntoWithCancel(AbstractPipeline.java:527)
at java.base/java.util.stream.AbstractPipeline.copyInto(AbstractPipeline.java:513)
at java.base/java.util.stream.AbstractPipeline.wrapAndCopyInto(AbstractPipeline.java:499)
at java.base/java.util.stream.FindOps$FindOp.evaluateSequential(FindOps.java:150)
at java.base/java.util.stream.AbstractPipeline.evaluate(AbstractPipeline.java:234)
at java.base/java.util.stream.ReferencePipeline.findFirst(ReferencePipeline.java:647)
at org.openqa.selenium.remote.ProtocolHandshake.createSession(ProtocolHandshake.java:128)
at org.openqa.selenium.remote.ProtocolHandshake.createSession(ProtocolHandshake.java:74)
at org.openqa.selenium.remote.HttpCommandExecutor.execute(HttpCommandExecutor.java:136)
at org.openqa.selenium.remote.service.DriverCommandExecutor.execute(DriverCommandExecutor.java:83)
at org.openqa.selenium.remote.RemoteWebDriver.execute(RemoteWebDriver.java:552)
at org.openqa.selenium.remote.RemoteWebDriver.startSession(RemoteWebDriver.java:213)
at org.openqa.selenium.remote.RemoteWebDriver.<init>(RemoteWebDriver.java:131)
at org.openqa.selenium.edge.EdgeDriver.<init>(EdgeDriver.java:141)
at org.openqa.selenium.edge.EdgeDriver.<init>(EdgeDriver.java:130)
at com.crm.testcases.BaseTest.setUp(BaseTest.java:77)
at java.base/java.util.ArrayList.forEach(ArrayList.java:1511)
at java.base/java.util.concurrent.FutureTask.run(FutureTask.java:264)
at java.base/java.util.concurrent.ThreadPoolExecutor.runWorker(ThreadPoolExecutor.java:1136)
at java.base/java.util.concurrent.ThreadPoolExecutor$Worker.run(ThreadPoolExecutor.java:635)
at java.base/java.lang.Thread.run(Thread.java:833)
... Removed 21 stack frames]]>
    </failure>
  </testcase> <!-- @BeforeClass setUp -->
  <testcase classname="com.crm.testcases.BaseTest" name="@BeforeClass setUp" time="63.489">
    <failure type="org.openqa.selenium.WebDriverException" message="unknown error: DevToolsActivePort file doesn&amp;apos;t exist
Build info: version: &amp;apos;3.141.59&amp;apos;, revision: &amp;apos;e82be7d358&amp;apos;, time: &amp;apos;2018-11-14T08:17:03&amp;apos;
System info: host: &amp;apos;HP1&amp;apos;, ip: &amp;apos;192.168.1.7&amp;apos;, os.name: &amp;apos;Windows 10&amp;apos;, os.arch: &amp;apos;amd64&amp;apos;, os.version: &amp;apos;10.0&amp;apos;, java.version: &amp;apos;17&amp;apos;
Driver info: driver.version: EdgeDriver
remote stacktrace: Backtrace:
	Microsoft::Applications::Events::EventProperties::SetProperty [0x00007FF6D72491D2+14306]
	Microsoft::Applications::Events::EventProperty::EventProperty [0x00007FF6D71D0992+842866]
	(No symbol) [0x00007FF6D6E81D90]
	(No symbol) [0x00007FF6D6EB3295]
	(No symbol) [0x00007FF6D6EAE67B]
	(No symbol) [0x00007FF6D6EA9DCF]
	(No symbol) [0x00007FF6D6EEE027]
	(No symbol) [0x00007FF6D6EED3BA]
	(No symbol) [0x00007FF6D6EE5B03]
	(No symbol) [0x00007FF6D6EB73B8]
	(No symbol) [0x00007FF6D6EB638E]
	(No symbol) [0x00007FF6D6EB7AE4]
	Microsoft::Applications::Events::EventProperty::EventProperty [0x00007FF6D711FE18+119032]
	Microsoft::Applications::Events::EventProperty::EventProperty [0x00007FF6D710D4D6+42934]
	Microsoft::Applications::Events::EventProperty::EventProperty [0x00007FF6D71106EC+55756]
	(No symbol) [0x00007FF6D6F87923]
	Microsoft::Applications::Events::EventProperty::EventProperty [0x00007FF6D71D844A+874282]
	Microsoft::Applications::Events::EventProperty::EventProperty [0x00007FF6D71DD544+895012]
	Microsoft::Applications::Events::EventProperty::EventProperty [0x00007FF6D71DD69C+895356]
	Microsoft::Applications::Events::EventProperty::EventProperty [0x00007FF6D71E67BE+932510]
	BaseThreadInitThunk [0x00007FFBE7AD7C24+20]
	RtlUserThreadStart [0x00007FFBE91ED4D1+33]
">
      <![CDATA[org.openqa.selenium.WebDriverException: unknown error: DevToolsActivePort file doesn't exist
Build info: version: '3.141.59', revision: 'e82be7d358', time: '2018-11-14T08:17:03'
System info: host: 'HP1', ip: '192.168.1.7', os.name: 'Windows 10', os.arch: 'amd64', os.version: '10.0', java.version: '17'
Driver info: driver.version: EdgeDriver
remote stacktrace: Backtrace:
Microsoft::Applications::Events::EventProperties::SetProperty [0x00007FF6D72491D2+14306]
Microsoft::Applications::Events::EventProperty::EventProperty [0x00007FF6D71D0992+842866]
(No symbol) [0x00007FF6D6E81D90]
(No symbol) [0x00007FF6D6EB3295]
(No symbol) [0x00007FF6D6EAE67B]
(No symbol) [0x00007FF6D6EA9DCF]
(No symbol) [0x00007FF6D6EEE027]
(No symbol) [0x00007FF6D6EED3BA]
(No symbol) [0x00007FF6D6EE5B03]
(No symbol) [0x00007FF6D6EB73B8]
(No symbol) [0x00007FF6D6EB638E]
(No symbol) [0x00007FF6D6EB7AE4]
Microsoft::Applications::Events::EventProperty::EventProperty [0x00007FF6D711FE18+119032]
Microsoft::Applications::Events::EventProperty::EventProperty [0x00007FF6D710D4D6+42934]
Microsoft::Applications::Events::EventProperty::EventProperty [0x00007FF6D71106EC+55756]
(No symbol) [0x00007FF6D6F87923]
Microsoft::Applications::Events::EventProperty::EventProperty [0x00007FF6D71D844A+874282]
Microsoft::Applications::Events::EventProperty::EventProperty [0x00007FF6D71DD544+895012]
Microsoft::Applications::Events::EventProperty::EventProperty [0x00007FF6D71DD69C+895356]
Microsoft::Applications::Events::EventProperty::EventProperty [0x00007FF6D71E67BE+932510]
BaseThreadInitThunk [0x00007FFBE7AD7C24+20]
RtlUserThreadStart [0x00007FFBE91ED4D1+33]

at org.openqa.selenium.remote.W3CHandshakeResponse.lambda$errorHandler$0(W3CHandshakeResponse.java:62)
at org.openqa.selenium.remote.HandshakeResponse.lambda$getResponseFunction$0(HandshakeResponse.java:30)
at org.openqa.selenium.remote.ProtocolHandshake.lambda$createSession$0(ProtocolHandshake.java:126)
at java.base/java.util.stream.ReferencePipeline$3$1.accept(ReferencePipeline.java:197)
at java.base/java.util.Spliterators$ArraySpliterator.tryAdvance(Spliterators.java:1002)
at java.base/java.util.stream.ReferencePipeline.forEachWithCancel(ReferencePipeline.java:129)
at java.base/java.util.stream.AbstractPipeline.copyIntoWithCancel(AbstractPipeline.java:527)
at java.base/java.util.stream.AbstractPipeline.copyInto(AbstractPipeline.java:513)
at java.base/java.util.stream.AbstractPipeline.wrapAndCopyInto(AbstractPipeline.java:499)
at java.base/java.util.stream.FindOps$FindOp.evaluateSequential(FindOps.java:150)
at java.base/java.util.stream.AbstractPipeline.evaluate(AbstractPipeline.java:234)
at java.base/java.util.stream.ReferencePipeline.findFirst(ReferencePipeline.java:647)
at org.openqa.selenium.remote.ProtocolHandshake.createSession(ProtocolHandshake.java:128)
at org.openqa.selenium.remote.ProtocolHandshake.createSession(ProtocolHandshake.java:74)
at org.openqa.selenium.remote.HttpCommandExecutor.execute(HttpCommandExecutor.java:136)
at org.openqa.selenium.remote.service.DriverCommandExecutor.execute(DriverCommandExecutor.java:83)
at org.openqa.selenium.remote.RemoteWebDriver.execute(RemoteWebDriver.java:552)
at org.openqa.selenium.remote.RemoteWebDriver.startSession(RemoteWebDriver.java:213)
at org.openqa.selenium.remote.RemoteWebDriver.<init>(RemoteWebDriver.java:131)
at org.openqa.selenium.edge.EdgeDriver.<init>(EdgeDriver.java:141)
at org.openqa.selenium.edge.EdgeDriver.<init>(EdgeDriver.java:130)
at com.crm.testcases.BaseTest.setUp(BaseTest.java:77)
at java.base/java.util.ArrayList.forEach(ArrayList.java:1511)
at java.base/java.util.concurrent.FutureTask.run(FutureTask.java:264)
at java.base/java.util.concurrent.ThreadPoolExecutor.runWorker(ThreadPoolExecutor.java:1136)
at java.base/java.util.concurrent.ThreadPoolExecutor$Worker.run(ThreadPoolExecutor.java:635)
at java.base/java.lang.Thread.run(Thread.java:833)
... Removed 21 stack frames]]>
    </failure>
  </testcase> <!-- @BeforeClass setUp -->
  <testcase classname="com.crm.testcases.BaseTest" name="@AfterClass tearDown" time="-1.671526307573E9">
    <skipped/>
  </testcase> <!-- @AfterClass tearDown -->
  <testcase classname="com.crm.testcases.BaseTest" name="@AfterClass tearDown" time="-1.671526307588E9">
    <skipped/>
  </testcase> <!-- @AfterClass tearDown -->
  <testcase classname="com.crm.testcases.BaseTest" name="@AfterClass tearDown" time="-1.671526307604E9">
    <skipped/>
  </testcase> <!-- @AfterClass tearDown -->
  <testcase classname="com.crm.testcases.TC_LoginTest_001" name="verifyLoginPagteTitle" time="0.0">
    <skipped/>
  </testcase> <!-- verifyLoginPagteTitle -->
  <testcase classname="com.crm.testcases.TC_IndexPageTest_002" name="verifyLogo" time="0.0">
    <skipped/>
  </testcase> <!-- verifyLogo -->
  <testcase classname="com.crm.testcases.TC_SignUpTest_003" name="verifySignupPageTitleTest" time="0.0">
    <skipped/>
  </testcase> <!-- verifySignupPageTitleTest -->
  <testcase classname="com.crm.testcases.TC_LoginTest_001" name="verifyLogin" time="0.0">
    <skipped/>
  </testcase> <!-- verifyLogin -->
  <testcase classname="com.crm.testcases.TC_IndexPageTest_002" name="verifyTitle" time="0.0">
    <skipped/>
  </testcase> <!-- verifyTitle -->
  <testcase classname="com.crm.testcases.TC_SignUpTest_003" name="verifysignUpTest" time="0.0">
    <skipped/>
  </testcase> <!-- verifysignUpTest -->
  <testcase classname="com.crm.testcases.BaseTest" name="@BeforeSuite loadConfig" time="0.0">
    <ignored/>
  </testcase> <!-- @BeforeSuite loadConfig -->
  <testcase classname="com.crm.testcases.BaseTest" name="@BeforeSuite loadConfig" time="0.0">
    <ignored/>
  </testcase> <!-- @BeforeSuite loadConfig -->
</testsuite> <!-- Free CRM Testcases Firefox -->
